<?xml version="1.0" encoding="UTF-8"?>
<testng-results ignored="0" total="1" passed="1" failed="0" skipped="0">
  <reporter-output>
  </reporter-output>
  <suite started-at="2020-10-06T09:27:31 EDT" name="Default suite" finished-at="2020-10-06T09:27:34 EDT" duration-ms="3281">
    <groups>
    </groups>
    <test started-at="2020-10-06T09:27:31 EDT" name="Default test" finished-at="2020-10-06T09:27:34 EDT" duration-ms="3281">
      <class name="com.seleniumJava.qa.OpenHomePage">
        <test-method signature="HomePageTitle()[pri:0, instance:com.seleniumJava.qa.OpenHomePage@7ea37dbf]" started-at="2020-10-06T09:27:31 EDT" name="HomePageTitle" finished-at="2020-10-06T09:27:34 EDT" duration-ms="3262" status="PASS">
          <reporter-output>
          </reporter-output>
        </test-method> <!-- HomePageTitle -->
      </class> <!-- com.seleniumJava.qa.OpenHomePage -->
    </test> <!-- Default test -->
  </suite> <!-- Default suite -->
</testng-results>
